<?xml version="1.0" encoding="UTF-8"?>
<!-- Generated by org.testng.reporters.JUnitReportReporter -->
<testsuite skipped="0" hostname="Kunal" name="Tests.Sequence" tests="3" failures="0" timestamp="2019-12-28T14:13:48 IST" time="0.020" errors="0">
  <testcase name="Testcase2" time="0.004" classname="Tests.Sequence"/>
  <testcase name="Testcase3" time="0.005" classname="Tests.Sequence"/>
  <testcase name="Testcase1" time="0.011" classname="Tests.Sequence"/>
</testsuite> <!-- Tests.Sequence -->
