<?xml version="1.0" encoding="UTF-8"?>
<!-- Generated by org.testng.reporters.JUnitReportReporter -->
<testsuite skipped="0" hostname="Kunal" name="Tests.SequenceInTestNG2" tests="3" failures="0" timestamp="2019-12-28T10:44:17 IST" time="0.020" errors="0">
  <testcase name="testcase2" time="0.003" classname="Tests.SequenceInTestNG2"/>
  <testcase name="testcase3" time="0.002" classname="Tests.SequenceInTestNG2"/>
  <testcase name="testcase1" time="0.015" classname="Tests.SequenceInTestNG2"/>
</testsuite> <!-- Tests.SequenceInTestNG2 -->
