<?xml version="1.0" encoding="UTF-8"?>
<!-- Generated by org.testng.reporters.JUnitReportReporter -->
<testsuite skipped="0" hostname="Kunal" name="Tests.SequenceInTestNG1" tests="2" failures="0" timestamp="2019-12-28T10:53:10 IST" time="0.011" errors="0">
  <testcase name="testcase2" time="0.002" classname="Tests.SequenceInTestNG1"/>
  <testcase name="testcase1" time="0.009" classname="Tests.SequenceInTestNG1"/>
</testsuite> <!-- Tests.SequenceInTestNG1 -->
